#
# A fatal error has been detected by the Java Runtime Environment:
#
#  SIGSEGV (0xb) at pc=0x00007fe8518e2446, pid=3017, tid=140636177422080
#
# JRE version: Java(TM) SE Runtime Environment (8.0_45-b14) (build 1.8.0_45-b14)
# Java VM: Java HotSpot(TM) 64-Bit Server VM (25.45-b02 mixed mode linux-amd64 compressed oops)
# Problematic frame:
# J 3174 C1 com.sun.tools.javac.code.Type.isPrimitive()Z (2 bytes) @ 0x00007fe8518e2446 [0x00007fe8518e2420+0x26]
#
# Failed to write core dump. Core dumps have been disabled. To enable core dumping, try "ulimit -c unlimited" before starting Java again
#
# If you would like to submit a bug report, please visit:
#   http://bugreport.java.com/bugreport/crash.jsp
#

---------------  T H R E A D  ---------------

Current thread (0x00007fe860009800):  JavaThread "main" [_thread_in_Java, id=3035, stack(0x00007fe86955d000,0x00007fe86965e000)]

siginfo: si_signo: 11 (SIGSEGV), si_code: 1 (SEGV_MAPERR), si_addr: 0x000000004a5573b8

Registers:
RAX=0x000000010021c550, RBX=0x000000004a557378, RCX=0x0000000000000000, RDX=0x00000000f17c7b40
RSP=0x00007fe869659888, RBP=0x00007fe86965a8f8, RSI=0x00000000caa343e0, RDI=0x0000000000000000
R8 =0x00000000f18c0948, R9 =0x00000000f18c0948, R10=0x00000001002002d8, R11=0x00000000000000f9
R12=0x0000000000000000, R13=0x0000000000000001, R14=0x0000000000000000, R15=0x00007fe860009800
RIP=0x00007fe8518e2446, EFLAGS=0x0000000000010216, CSGSFS=0x0000000000000033, ERR=0x0000000000000004
  TRAPNO=0x000000000000000e

Top of Stack: (sp=0x00007fe869659888)
0x00007fe869659888:   00007fe8518db3ec 00007fe860009800
0x00007fe869659898:   00007fe8696598b0 00007fe869659900
0x00007fe8696598a8:   00007fe86818afca 00007fe860009800
0x00007fe8696598b8:   0000000000000000 00007fe86965a8f8
0x00007fe8696598c8:   00007fe851137494 00007fe860009800
0x00007fe8696598d8:   00007fe869659970 00007fe8600099f8
0x00007fe8696598e8:   00000000f18baa58 00000000f18b9b50
0x00007fe8696598f8:   00007fe860d29d10 00007fe86965a8f8
0x00007fe869659908:   00000000f17aa490 0000000000000044
0x00007fe869659918:   00000000f18b1e10 0000000300000002
0x00007fe869659928:   00000000f17c7b40 00000000f18c0948
0x00007fe869659938:   00000000f18c0a78 00000000caa343e0
0x00007fe869659948:   00007fe8600099f8 00007fe86965a8f8
0x00007fe869659958:   00007fe851b2dd14 00007fe8696599b0
0x00007fe869659968:   00007fe85117f346 00007fe860009800
0x00007fe869659978:   00007fe8511c7764 00000000f18baa48
0x00007fe869659988:   0000000000000032 00007fe86818afa0
0x00007fe869659998:   00007fe8600099f8 00007fe86965a8f8
0x00007fe8696599a8:   00007fe8512a4254 0000000000000000
0x00007fe8696599b8:   00007fe867183420 0000006bca859a10
0x00007fe8696599c8:   0000000000001708 0000000000000000
0x00007fe8696599d8:   0000000000000061 00007fe869659960
0x00007fe8696599e8:   00007fe860009800 00007fe869659a40
0x00007fe8696599f8:   00007fe851b47da6 00000000f18b9920
0x00007fe869659a08:   00007fe851b30ce4 00000000f18b9920
0x00007fe869659a18:   00000000f18b9b40 00000000f18b9920
0x00007fe869659a28:   00000000f18bfff8 00000000f18b1e10
0x00007fe869659a38:   00000000f17aa490 00000000f18b1e60
0x00007fe869659a48:   00007fe865b58000 0000000900001b0d
0x00007fe869659a58:   000000230000000a 00007fe800000024
0x00007fe869659a68:   00007fe851b4f4fc 00000000caf82088
0x00007fe869659a78:   0000000100000000 0000000000001fff 

Instructions: (pc=0x00007fe8518e2446)
0x00007fe8518e2426:   e2 03 4c 3b d0 0f 85 ef 39 76 ff 0f 1f 84 00 00
0x00007fe8518e2436:   00 00 00 0f 1f 80 00 00 00 00 89 84 24 00 c0 fe
0x00007fe8518e2446:   ff 55 48 83 ec 30 b8 00 00 00 00 48 83 c4 30 5d
0x00007fe8518e2456:   85 05 a4 1c d9 17 c3 90 90 49 8b 87 a8 02 00 00 

Register to memory mapping:

RAX=0x000000010021c550 is pointing into metadata
RBX=0x000000004a557378 is an unknown value
RCX=0x0000000000000000 is an unknown value
RDX=0x00000000f17c7b40 is an oop
com.sun.tools.javac.code.Types 
 - klass: 'com/sun/tools/javac/code/Types'
RSP=0x00007fe869659888 is pointing into the stack for thread: 0x00007fe860009800
RBP=0x00007fe86965a8f8 is pointing into the stack for thread: 0x00007fe860009800
RSI=0x00000000caa343e0 is an oop
com.sun.tools.javac.code.Type$1 
 - klass: 'com/sun/tools/javac/code/Type$1'
RDI=0x0000000000000000 is an unknown value
R8 =0x00000000f18c0948 is an oop
com.sun.tools.javac.code.Symbol$ClassSymbol 
 - klass: 'com/sun/tools/javac/code/Symbol$ClassSymbol'
R9 =0x00000000f18c0948 is an oop
com.sun.tools.javac.code.Symbol$ClassSymbol 
 - klass: 'com/sun/tools/javac/code/Symbol$ClassSymbol'
R10=0x00000001002002d8 is pointing into metadata
R11=0x00000000000000f9 is an unknown value
R12=0x0000000000000000 is an unknown value
R13=0x0000000000000001 is an unknown value
R14=0x0000000000000000 is an unknown value
R15=0x00007fe860009800 is a thread


Stack: [0x00007fe86955d000,0x00007fe86965e000],  sp=0x00007fe869659888,  free space=1010k
Native frames: (J=compiled Java code, j=interpreted, Vv=VM code, C=native code)
J 3174 C1 com.sun.tools.javac.code.Type.isPrimitive()Z (2 bytes) @ 0x00007fe8518e2446 [0x00007fe8518e2420+0x26]
C  0x00007fe86965a8f8


---------------  P R O C E S S  ---------------

Java Threads: ( => current thread )
  0x00007fe860496800 JavaThread "process reaper" daemon [_thread_blocked, id=3054, stack(0x00007fe849e7b000,0x00007fe849eb4000)]
  0x00007fe86021d800 JavaThread "resolver-4" daemon [_thread_blocked, id=3050, stack(0x00007fe8493fe000,0x00007fe8494ff000)]
  0x00007fe860424000 JavaThread "resolver-3" daemon [_thread_blocked, id=3049, stack(0x00007fe8494ff000,0x00007fe849600000)]
  0x00007fe860219000 JavaThread "resolver-2" daemon [_thread_blocked, id=3048, stack(0x00007fe849600000,0x00007fe849701000)]
  0x00007fe8604af800 JavaThread "resolver-1" daemon [_thread_blocked, id=3047, stack(0x00007fe849701000,0x00007fe849802000)]
  0x00007fe8600bb800 JavaThread "Service Thread" daemon [_thread_blocked, id=3044, stack(0x00007fe84b56e000,0x00007fe84b66f000)]
  0x00007fe8600b7000 JavaThread "C1 CompilerThread1" daemon [_thread_blocked, id=3043, stack(0x00007fe84b66f000,0x00007fe84b770000)]
  0x00007fe8600b4000 JavaThread "C2 CompilerThread0" daemon [_thread_in_native, id=3042, stack(0x00007fe84b770000,0x00007fe84b871000)]
  0x00007fe8600b2800 JavaThread "Signal Dispatcher" daemon [_thread_blocked, id=3041, stack(0x00007fe84b871000,0x00007fe84b972000)]
  0x00007fe86007a800 JavaThread "Finalizer" daemon [_thread_blocked, id=3040, stack(0x00007fe84bafb000,0x00007fe84bbfc000)]
  0x00007fe860078800 JavaThread "Reference Handler" daemon [_thread_blocked, id=3039, stack(0x00007fe84bbfc000,0x00007fe84bcfd000)]
=>0x00007fe860009800 JavaThread "main" [_thread_in_Java, id=3035, stack(0x00007fe86955d000,0x00007fe86965e000)]

Other Threads:
  0x00007fe860073800 VMThread [stack: 0x00007fe84bcfd000,0x00007fe84bdfe000] [id=3038]
  0x00007fe8600be000 WatcherThread [stack: 0x00007fe84b46d000,0x00007fe84b56e000] [id=3045]

VM state:not at safepoint (normal execution)

VM Mutex/Monitor currently owned by a thread: None

Heap:
 PSYoungGen      total 121856K, used 69332K [0x00000000ee100000, 0x00000000f8280000, 0x0000000100000000)
  eden space 110592K, 52% used [0x00000000ee100000,0x00000000f19b8b48,0x00000000f4d00000)
  from space 11264K, 99% used [0x00000000f4d00000,0x00000000f57fc610,0x00000000f5800000)
  to   space 13312K, 0% used [0x00000000f7580000,0x00000000f7580000,0x00000000f8280000)
 ParOldGen       total 46592K, used 18737K [0x00000000ca200000, 0x00000000ccf80000, 0x00000000ee100000)
  object space 46592K, 40% used [0x00000000ca200000,0x00000000cb44c648,0x00000000ccf80000)
 Metaspace       used 30503K, capacity 31656K, committed 31920K, reserved 1077248K
  class space    used 3473K, capacity 3726K, committed 3760K, reserved 1048576K

Card table byte_map: [0x00007fe8661a9000,0x00007fe866359000] byte_map_base: 0x00007fe865b58000

Marking Bits: (ParMarkBitMap*) 0x00007fe868a4c760
 Begin Bits: [0x00007fe864397000, 0x00007fe86510f000)
 End Bits:   [0x00007fe86510f000, 0x00007fe865e87000)

Polling page: 0x00007fe869674000

CodeCache: size=245760Kb used=12170Kb max_used=12237Kb free=233589Kb
 bounds [0x00007fe851000000, 0x00007fe851c10000, 0x00007fe860000000]
 total_blobs=4937 nmethods=4544 adapters=307
 compilation: enabled

Compilation events (10 events):
Event: 20,230 Thread 0x00007fe8600b7000 5140       2       com.sun.tools.javac.util.Name::startsWith (87 bytes)
Event: 20,231 Thread 0x00007fe8600b7000 nmethod 5140 0x00007fe85194f990 code [0x00007fe85194fb60, 0x00007fe85194feb8]
Event: 20,240 Thread 0x00007fe8600b7000 5141       2       com.sun.tools.javac.tree.TreeScanner::visitImport (9 bytes)
Event: 20,241 Thread 0x00007fe8600b7000 nmethod 5141 0x00007fe85194f5d0 code [0x00007fe85194f740, 0x00007fe85194f8c8]
Event: 20,241 Thread 0x00007fe8600b7000 5142       2       com.sun.tools.javac.processing.JavacProcessingEnvironment$1::visitVarDef (11 bytes)
Event: 20,242 Thread 0x00007fe8600b7000 nmethod 5142 0x00007fe85194ed90 code [0x00007fe85194ef20, 0x00007fe85194f298]
Event: 20,242 Thread 0x00007fe8600b7000 5144       2       com.sun.tools.javac.code.Symtab::enterUnop (54 bytes)
Event: 20,245 Thread 0x00007fe8600b7000 nmethod 5144 0x00007fe85194e010 code [0x00007fe85194e1e0, 0x00007fe85194e788]
Event: 20,245 Thread 0x00007fe8600b7000 5143       2       com.sun.tools.javac.processing.JavacProcessingEnvironment$1::visitAnnotation (11 bytes)
Event: 20,246 Thread 0x00007fe8600b7000 nmethod 5143 0x00007fe85194db10 code [0x00007fe85194dc80, 0x00007fe85194de98]

GC Heap History (10 events):
Event: 6,812 GC heap before
{Heap before GC invocations=6 (full 0):
 PSYoungGen      total 30720K, used 30704K [0x00000000ee100000, 0x00000000f2500000, 0x0000000100000000)
  eden space 28672K, 100% used [0x00000000ee100000,0x00000000efd00000,0x00000000efd00000)
  from space 2048K, 99% used [0x00000000efd00000,0x00000000efefc010,0x00000000eff00000)
  to   space 6144K, 0% used [0x00000000f1f00000,0x00000000f1f00000,0x00000000f2500000)
 ParOldGen       total 36864K, used 8455K [0x00000000ca200000, 0x00000000cc600000, 0x00000000ee100000)
  object space 36864K, 22% used [0x00000000ca200000,0x00000000caa41ee0,0x00000000cc600000)
 Metaspace       used 15041K, capacity 15398K, committed 15488K, reserved 1062912K
  class space    used 1796K, capacity 1860K, committed 1920K, reserved 1048576K
Event: 6,841 GC heap after
Heap after GC invocations=6 (full 0):
 PSYoungGen      total 63488K, used 4924K [0x00000000ee100000, 0x00000000f2500000, 0x0000000100000000)
  eden space 57344K, 0% used [0x00000000ee100000,0x00000000ee100000,0x00000000f1900000)
  from space 6144K, 80% used [0x00000000f1f00000,0x00000000f23cf030,0x00000000f2500000)
  to   space 6144K, 0% used [0x00000000f1900000,0x00000000f1900000,0x00000000f1f00000)
 ParOldGen       total 36864K, used 8455K [0x00000000ca200000, 0x00000000cc600000, 0x00000000ee100000)
  object space 36864K, 22% used [0x00000000ca200000,0x00000000caa41ee0,0x00000000cc600000)
 Metaspace       used 15041K, capacity 15398K, committed 15488K, reserved 1062912K
  class space    used 1796K, capacity 1860K, committed 1920K, reserved 1048576K
}
Event: 8,680 GC heap before
{Heap before GC invocations=7 (full 0):
 PSYoungGen      total 63488K, used 62268K [0x00000000ee100000, 0x00000000f2500000, 0x0000000100000000)
  eden space 57344K, 100% used [0x00000000ee100000,0x00000000f1900000,0x00000000f1900000)
  from space 6144K, 80% used [0x00000000f1f00000,0x00000000f23cf030,0x00000000f2500000)
  to   space 6144K, 0% used [0x00000000f1900000,0x00000000f1900000,0x00000000f1f00000)
 ParOldGen       total 36864K, used 8455K [0x00000000ca200000, 0x00000000cc600000, 0x00000000ee100000)
  object space 36864K, 22% used [0x00000000ca200000,0x00000000caa41ee0,0x00000000cc600000)
 Metaspace       used 15780K, capacity 16248K, committed 16512K, reserved 1064960K
  class space    used 1834K, capacity 1906K, committed 1920K, reserved 1048576K
Event: 8,731 GC heap after
Heap after GC invocations=7 (full 0):
 PSYoungGen      total 63488K, used 5957K [0x00000000ee100000, 0x00000000f5f00000, 0x0000000100000000)
  eden space 57344K, 0% used [0x00000000ee100000,0x00000000ee100000,0x00000000f1900000)
  from space 6144K, 96% used [0x00000000f1900000,0x00000000f1ed17c8,0x00000000f1f00000)
  to   space 7168K, 0% used [0x00000000f5800000,0x00000000f5800000,0x00000000f5f00000)
 ParOldGen       total 36864K, used 9071K [0x00000000ca200000, 0x00000000cc600000, 0x00000000ee100000)
  object space 36864K, 24% used [0x00000000ca200000,0x00000000caadbf30,0x00000000cc600000)
 Metaspace       used 15780K, capacity 16248K, committed 16512K, reserved 1064960K
  class space    used 1834K, capacity 1906K, committed 1920K, reserved 1048576K
}
Event: 11,059 GC heap before
{Heap before GC invocations=8 (full 0):
 PSYoungGen      total 63488K, used 45655K [0x00000000ee100000, 0x00000000f5f00000, 0x0000000100000000)
  eden space 57344K, 69% used [0x00000000ee100000,0x00000000f07c46b0,0x00000000f1900000)
  from space 6144K, 96% used [0x00000000f1900000,0x00000000f1ed17c8,0x00000000f1f00000)
  to   space 7168K, 0% used [0x00000000f5800000,0x00000000f5800000,0x00000000f5f00000)
 ParOldGen       total 36864K, used 9071K [0x00000000ca200000, 0x00000000cc600000, 0x00000000ee100000)
  object space 36864K, 24% used [0x00000000ca200000,0x00000000caadbf30,0x00000000cc600000)
 Metaspace       used 20612K, capacity 21236K, committed 21296K, reserved 1069056K
  class space    used 2432K, capacity 2566K, committed 2608K, reserved 1048576K
Event: 11,161 GC heap after
Heap after GC invocations=8 (full 0):
 PSYoungGen      total 117760K, used 7160K [0x00000000ee100000, 0x00000000f6700000, 0x0000000100000000)
  eden space 110592K, 0% used [0x00000000ee100000,0x00000000ee100000,0x00000000f4d00000)
  from space 7168K, 99% used [0x00000000f5800000,0x00000000f5efe288,0x00000000f5f00000)
  to   space 11264K, 0% used [0x00000000f4d00000,0x00000000f4d00000,0x00000000f5800000)
 ParOldGen       total 36864K, used 15863K [0x00000000ca200000, 0x00000000cc600000, 0x00000000ee100000)
  object space 36864K, 43% used [0x00000000ca200000,0x00000000cb17df68,0x00000000cc600000)
 Metaspace       used 20612K, capacity 21236K, committed 21296K, reserved 1069056K
  class space    used 2432K, capacity 2566K, committed 2608K, reserved 1048576K
}
Event: 11,161 GC heap before
{Heap before GC invocations=9 (full 1):
 PSYoungGen      total 117760K, used 7160K [0x00000000ee100000, 0x00000000f6700000, 0x0000000100000000)
  eden space 110592K, 0% used [0x00000000ee100000,0x00000000ee100000,0x00000000f4d00000)
  from space 7168K, 99% used [0x00000000f5800000,0x00000000f5efe288,0x00000000f5f00000)
  to   space 11264K, 0% used [0x00000000f4d00000,0x00000000f4d00000,0x00000000f5800000)
 ParOldGen       total 36864K, used 15863K [0x00000000ca200000, 0x00000000cc600000, 0x00000000ee100000)
  object space 36864K, 43% used [0x00000000ca200000,0x00000000cb17df68,0x00000000cc600000)
 Metaspace       used 20612K, capacity 21236K, committed 21296K, reserved 1069056K
  class space    used 2432K, capacity 2566K, committed 2608K, reserved 1048576K
Event: 11,522 GC heap after
Heap after GC invocations=9 (full 1):
 PSYoungGen      total 117760K, used 0K [0x00000000ee100000, 0x00000000f6700000, 0x0000000100000000)
  eden space 110592K, 0% used [0x00000000ee100000,0x00000000ee100000,0x00000000f4d00000)
  from space 7168K, 0% used [0x00000000f5800000,0x00000000f5800000,0x00000000f5f00000)
  to   space 11264K, 0% used [0x00000000f4d00000,0x00000000f4d00000,0x00000000f5800000)
 ParOldGen       total 46592K, used 18078K [0x00000000ca200000, 0x00000000ccf80000, 0x00000000ee100000)
  object space 46592K, 38% used [0x00000000ca200000,0x00000000cb3a7ad0,0x00000000ccf80000)
 Metaspace       used 20612K, capacity 21236K, committed 21296K, reserved 1069056K
  class space    used 2432K, capacity 2566K, committed 2608K, reserved 1048576K
}
Event: 16,903 GC heap before
{Heap before GC invocations=10 (full 1):
 PSYoungGen      total 117760K, used 110592K [0x00000000ee100000, 0x00000000f6700000, 0x0000000100000000)
  eden space 110592K, 100% used [0x00000000ee100000,0x00000000f4d00000,0x00000000f4d00000)
  from space 7168K, 0% used [0x00000000f5800000,0x00000000f5800000,0x00000000f5f00000)
  to   space 11264K, 0% used [0x00000000f4d00000,0x00000000f4d00000,0x00000000f5800000)
 ParOldGen       total 46592K, used 18078K [0x00000000ca200000, 0x00000000ccf80000, 0x00000000ee100000)
  object space 46592K, 38% used [0x00000000ca200000,0x00000000cb3a7ad0,0x00000000ccf80000)
 Metaspace       used 27939K, capacity 28820K, committed 28976K, reserved 1075200K
  class space    used 3192K, capacity 3368K, committed 3376K, reserved 1048576K
Event: 16,970 GC heap after
Heap after GC invocations=10 (full 1):
 PSYoungGen      total 121856K, used 11249K [0x00000000ee100000, 0x00000000f8280000, 0x0000000100000000)
  eden space 110592K, 0% used [0x00000000ee100000,0x00000000ee100000,0x00000000f4d00000)
  from space 11264K, 99% used [0x00000000f4d00000,0x00000000f57fc610,0x00000000f5800000)
  to   space 13312K, 0% used [0x00000000f7580000,0x00000000f7580000,0x00000000f8280000)
 ParOldGen       total 46592K, used 18737K [0x00000000ca200000, 0x00000000ccf80000, 0x00000000ee100000)
  object space 46592K, 40% used [0x00000000ca200000,0x00000000cb44c648,0x00000000ccf80000)
 Metaspace       used 27939K, capacity 28820K, committed 28976K, reserved 1075200K
  class space    used 3192K, capacity 3368K, committed 3376K, reserved 1048576K
}

Deoptimization events (10 events):
Event: 19,415 Thread 0x00007fe860009800 Uncommon trap: reason=unstable_if action=reinterpret pc=0x00007fe851bfe1a4 method=org.codehaus.plexus.classworlds.realm.Entry.matches(Ljava/lang/String;)Z @ 165
Event: 19,820 Thread 0x00007fe860009800 Uncommon trap: reason=bimorphic action=maybe_recompile pc=0x00007fe851b16d44 method=java.util.Hashtable.put(Ljava/lang/Object;Ljava/lang/Object;)Ljava/lang/Object; @ 18
Event: 19,824 Thread 0x00007fe860009800 Uncommon trap: reason=bimorphic action=maybe_recompile pc=0x00007fe851b16d44 method=java.util.Hashtable.put(Ljava/lang/Object;Ljava/lang/Object;)Ljava/lang/Object; @ 18
Event: 19,825 Thread 0x00007fe860009800 Uncommon trap: reason=bimorphic action=maybe_recompile pc=0x00007fe851b16d44 method=java.util.Hashtable.put(Ljava/lang/Object;Ljava/lang/Object;)Ljava/lang/Object; @ 18
Event: 19,826 Thread 0x00007fe860009800 Uncommon trap: reason=bimorphic action=maybe_recompile pc=0x00007fe851b16d44 method=java.util.Hashtable.put(Ljava/lang/Object;Ljava/lang/Object;)Ljava/lang/Object; @ 18
Event: 19,868 Thread 0x00007fe860009800 Uncommon trap: reason=unstable_if action=reinterpret pc=0x00007fe851111108 method=java.lang.StringCoding$StringEncoder.encode([CII)[B @ 20
Event: 19,869 Thread 0x00007fe860009800 Uncommon trap: reason=bimorphic action=maybe_recompile pc=0x00007fe8519f1f58 method=java.util.Hashtable.get(Ljava/lang/Object;)Ljava/lang/Object; @ 6
Event: 19,869 Thread 0x00007fe860009800 Uncommon trap: reason=bimorphic action=maybe_recompile pc=0x00007fe8519f1f58 method=java.util.Hashtable.get(Ljava/lang/Object;)Ljava/lang/Object; @ 6
Event: 19,869 Thread 0x00007fe860009800 Uncommon trap: reason=bimorphic action=maybe_recompile pc=0x00007fe8519f1f58 method=java.util.Hashtable.get(Ljava/lang/Object;)Ljava/lang/Object; @ 6
Event: 19,869 Thread 0x00007fe860009800 Uncommon trap: reason=bimorphic action=maybe_recompile pc=0x00007fe8519f1f58 method=java.util.Hashtable.get(Ljava/lang/Object;)Ljava/lang/Object; @ 6

Internal exceptions (10 events):
Event: 13,799 Thread 0x00007fe860009800 Implicit null exception at 0x00007fe85121c2f5 to 0x00007fe85121c62d
Event: 15,782 Thread 0x00007fe860009800 Exception <a 'java/io/FileNotFoundException'> (0x00000000f206bae0) thrown at [/RE-WORK/workspace/8-2-build-linux-amd64/jdk8u45/3457/hotspot/src/share/vm/prims/jni.cpp, line 709]
Event: 15,782 Thread 0x00007fe860009800 Exception <a 'java/io/FileNotFoundException'> (0x00000000f206cf48) thrown at [/RE-WORK/workspace/8-2-build-linux-amd64/jdk8u45/3457/hotspot/src/share/vm/prims/jni.cpp, line 709]
Event: 16,701 Thread 0x00007fe860009800 Exception <a 'java/lang/NoClassDefFoundError': org/slf4j/Logger> (0x00000000f486f590) thrown at [/RE-WORK/workspace/8-2-build-linux-amd64/jdk8u45/3457/hotspot/src/share/vm/oops/constantPool.cpp, line 235]
Event: 17,144 Thread 0x00007fe860219000 Implicit null exception at 0x00007fe85112694b to 0x00007fe851126a19
Event: 17,606 Thread 0x00007fe860009800 Exception <a 'java/lang/NoSuchFieldError': method resolution failed> (0x00000000eee66f60) thrown at [/RE-WORK/workspace/8-2-build-linux-amd64/jdk8u45/3457/hotspot/src/share/vm/prims/methodHandles.cpp, line 1125]
Event: 17,613 Thread 0x00007fe860009800 Exception <a 'java/lang/NoSuchFieldError': method resolution failed> (0x00000000eee75890) thrown at [/RE-WORK/workspace/8-2-build-linux-amd64/jdk8u45/3457/hotspot/src/share/vm/prims/methodHandles.cpp, line 1125]
Event: 19,483 Thread 0x00007fe860009800 Exception <a 'java/lang/NoClassDefFoundError': org/slf4j/Logger> (0x00000000ef9ab250) thrown at [/RE-WORK/workspace/8-2-build-linux-amd64/jdk8u45/3457/hotspot/src/share/vm/oops/constantPool.cpp, line 235]
Event: 20,078 Thread 0x00007fe860009800 Exception <a 'java/io/FileNotFoundException'> (0x00000000f0887280) thrown at [/RE-WORK/workspace/8-2-build-linux-amd64/jdk8u45/3457/hotspot/src/share/vm/prims/jni.cpp, line 709]
Event: 20,078 Thread 0x00007fe860009800 Exception <a 'java/io/FileNotFoundException'> (0x00000000f08886e8) thrown at [/RE-WORK/workspace/8-2-build-linux-amd64/jdk8u45/3457/hotspot/src/share/vm/prims/jni.cpp, line 709]

Events (10 events):
Event: 19,881 loading class org/apache/maven/repository/legacy/metadata/AbstractArtifactMetadata
Event: 19,881 loading class org/apache/maven/repository/legacy/metadata/AbstractArtifactMetadata done
Event: 19,884 loading class org/sonatype/aether/util/artifact/SubArtifact
Event: 19,884 loading class org/sonatype/aether/util/artifact/SubArtifact done
Event: 20,004 Thread 0x00007fe860009800 DEOPT PACKING pc=0x00007fe851693be4 sp=0x00007fe86965af60
Event: 20,004 Thread 0x00007fe860009800 DEOPT UNPACKING pc=0x00007fe851047233 sp=0x00007fe86965aca8 mode 0
Event: 20,065 loading class java/util/regex/Pattern$Caret
Event: 20,065 loading class java/util/regex/Pattern$Caret done
Event: 20,155 loading class org/datanucleus/jdo/query/JDOQueryProcessor
Event: 20,155 loading class org/datanucleus/jdo/query/JDOQueryProcessor done


Dynamic libraries:
00400000-00401000 r-xp 00000000 08:01 289156                             /usr/lib/jvm/java-8-oracle/bin/java
00600000-00601000 rw-p 00000000 08:01 289156                             /usr/lib/jvm/java-8-oracle/bin/java
0251f000-02540000 rw-p 00000000 00:00 0                                  [heap]
ca200000-ccf80000 rw-p 00000000 00:00 0 
ccf80000-ee100000 ---p 00000000 00:00 0 
ee100000-f8280000 rw-p 00000000 00:00 0 
f8280000-100000000 ---p 00000000 00:00 0 
100000000-1003ac000 rw-p 00000000 00:00 0 
1003ac000-140000000 ---p 00000000 00:00 0 
7fe810000000-7fe810021000 rw-p 00000000 00:00 0 
7fe810021000-7fe814000000 ---p 00000000 00:00 0 
7fe818000000-7fe818021000 rw-p 00000000 00:00 0 
7fe818021000-7fe81c000000 ---p 00000000 00:00 0 
7fe81c000000-7fe81c021000 rw-p 00000000 00:00 0 
7fe81c021000-7fe820000000 ---p 00000000 00:00 0 
7fe820000000-7fe820021000 rw-p 00000000 00:00 0 
7fe820021000-7fe824000000 ---p 00000000 00:00 0 
7fe824000000-7fe824021000 rw-p 00000000 00:00 0 
7fe824021000-7fe828000000 ---p 00000000 00:00 0 
7fe828000000-7fe828bb2000 rw-p 00000000 00:00 0 
7fe828bb2000-7fe82c000000 ---p 00000000 00:00 0 
7fe82c000000-7fe82c021000 rw-p 00000000 00:00 0 
7fe82c021000-7fe830000000 ---p 00000000 00:00 0 
7fe830000000-7fe830021000 rw-p 00000000 00:00 0 
7fe830021000-7fe834000000 ---p 00000000 00:00 0 
7fe834000000-7fe835394000 rw-p 00000000 00:00 0 
7fe835394000-7fe838000000 ---p 00000000 00:00 0 
7fe838000000-7fe838021000 rw-p 00000000 00:00 0 
7fe838021000-7fe83c000000 ---p 00000000 00:00 0 
7fe83c000000-7fe83c021000 rw-p 00000000 00:00 0 
7fe83c021000-7fe840000000 ---p 00000000 00:00 0 
7fe840000000-7fe840021000 rw-p 00000000 00:00 0 
7fe840021000-7fe844000000 ---p 00000000 00:00 0 
7fe844000000-7fe844021000 rw-p 00000000 00:00 0 
7fe844021000-7fe848000000 ---p 00000000 00:00 0 
7fe848efb000-7fe848efe000 ---p 00000000 00:00 0 
7fe848efe000-7fe848ffc000 rw-p 00000000 00:00 0 
7fe848ffc000-7fe848fff000 ---p 00000000 00:00 0 
7fe848fff000-7fe84927d000 rw-p 00000000 00:00 0 
7fe84927d000-7fe849300000 ---p 00000000 00:00 0 
7fe849300000-7fe8493fe000 rw-p 00000000 00:00 0 
7fe8493fe000-7fe849401000 ---p 00000000 00:00 0 
7fe849401000-7fe8494ff000 rw-p 00000000 00:00 0                          [stack:3050]
7fe8494ff000-7fe849502000 ---p 00000000 00:00 0 
7fe849502000-7fe849600000 rw-p 00000000 00:00 0                          [stack:3049]
7fe849600000-7fe849603000 ---p 00000000 00:00 0 
7fe849603000-7fe849701000 rw-p 00000000 00:00 0                          [stack:3048]
7fe849701000-7fe849704000 ---p 00000000 00:00 0 
7fe849704000-7fe849a02000 rw-p 00000000 00:00 0                          [stack:3047]
7fe849a02000-7fe849c02000 rw-p 00000000 00:00 0 
7fe849c02000-7fe849e02000 rw-p 00000000 00:00 0 
7fe849e68000-7fe849e69000 r--s 00006000 08:06 26085518                   /home/niko/Escritorio/tesisIsis/dom/target/TarjetasMejorar-dom-1.0-SNAPSHOT.jar
7fe849e69000-7fe849e6d000 r--s 0002f000 08:06 26083562                   /home/niko/.m2/repository/commons-lang/commons-lang/2.1/commons-lang-2.1.jar
7fe849e6d000-7fe849e70000 r--s 0000c000 08:06 26084400                   /home/niko/.m2/repository/org/codehaus/plexus/plexus-io/2.0.2/plexus-io-2.0.2.jar
7fe849e70000-7fe849e75000 r--s 00029000 08:06 26084399                   /home/niko/.m2/repository/org/codehaus/plexus/plexus-archiver/2.1/plexus-archiver-2.1.jar
7fe849e75000-7fe849e77000 r--s 0000d000 08:06 26084397                   /home/niko/.m2/repository/org/codehaus/plexus/plexus-interpolation/1.15/plexus-interpolation-1.15.jar
7fe849e77000-7fe849e79000 r--s 00004000 08:06 26084398                   /home/niko/.m2/repository/org/apache/maven/maven-archiver/2.5/maven-archiver-2.5.jar
7fe849e79000-7fe849e7b000 r--s 00007000 08:06 25035785                   /home/niko/.m2/repository/org/apache/maven/plugins/maven-jar-plugin/2.4/maven-jar-plugin-2.4.jar
7fe849e7b000-7fe849e7e000 ---p 00000000 00:00 0 
7fe849e7e000-7fe849eb4000 rw-p 00000000 00:00 0                          [stack:3054]
7fe849eb4000-7fe849eb5000 r--s 00003000 08:06 26084345                   /home/niko/.m2/repository/org/apache/maven/plugin-tools/maven-plugin-annotations/3.2/maven-plugin-annotations-3.2.jar
7fe849eb5000-7fe849eb9000 r--s 00021000 08:06 26084343                   /home/niko/.m2/repository/org/apache/maven/surefire/surefire-api/2.16/surefire-api-2.16.jar
7fe849eb9000-7fe849ebf000 r--s 00048000 08:06 26084340                   /home/niko/.m2/repository/org/apache/commons/commons-lang3/3.1/commons-lang3-3.1.jar
7fe849ebf000-7fe849ec0000 r--s 00002000 08:06 26084342                   /home/niko/.m2/repository/org/apache/maven/reporting/maven-reporting-api/2.0.9/maven-reporting-api-2.0.9.jar
7fe849ec0000-7fe849ec2000 r--s 00008000 08:06 26084341                   /home/niko/.m2/repository/org/apache/maven/surefire/surefire-booter/2.16/surefire-booter-2.16.jar
7fe849ec2000-7fe849ec8000 r--s 0003b000 08:06 26084339                   /home/niko/.m2/repository/org/apache/maven/surefire/maven-surefire-common/2.16/maven-surefire-common-2.16.jar
7fe849ec8000-7fe849eca000 r--s 00007000 08:06 25166643                   /home/niko/.m2/repository/org/apache/maven/plugins/maven-surefire-plugin/2.16/maven-surefire-plugin-2.16.jar
7fe849eca000-7fe84a0ca000 rw-p 00000000 00:00 0 
7fe84a0ca000-7fe84a0cb000 r--s 00007000 08:06 25167339                   /home/niko/.m2/repository/org/slf4j/slf4j-api/1.7.10/slf4j-api-1.7.10.jar
7fe84a0cb000-7fe84a0cd000 r--s 00009000 08:06 25167336                   /home/niko/.m2/repository/org/hamcrest/hamcrest-core/1.3/hamcrest-core-1.3.jar
7fe84a0cd000-7fe84a0ce000 r--s 0000c000 08:06 25167333                   /home/niko/.m2/repository/org/hamcrest/hamcrest-library/1.3/hamcrest-library-1.3.jar
7fe84a0ce000-7fe84a0f9000 r--s 001f5000 08:06 25167329                   /home/niko/.m2/repository/com/google/guava/guava/16.0.1/guava-16.0.1.jar
7fe84a0f9000-7fe84a0fb000 r--s 00008000 08:06 25167326                   /home/niko/.m2/repository/org/datanucleus/datanucleus-jodatime/3.2.1/datanucleus-jodatime-3.2.1.jar
7fe84a0fb000-7fe84a112000 r--s 001a5000 08:06 25167323                   /home/niko/.m2/repository/org/datanucleus/datanucleus-rdbms/3.2.10/datanucleus-rdbms-3.2.10.jar
7fe84a112000-7fe84a117000 r--s 00051000 08:06 25167317                   /home/niko/.m2/repository/org/datanucleus/datanucleus-api-jdo/3.2.7/datanucleus-api-jdo-3.2.7.jar
7fe84a117000-7fe84a12f000 r--s 001b6000 08:06 25167314                   /home/niko/.m2/repository/org/datanucleus/datanucleus-core/3.2.11/datanucleus-core-3.2.11.jar
7fe84a12f000-7fe84a135000 r--s 00031000 08:06 25167308                   /home/niko/.m2/repository/javax/jdo/jdo-api/3.1-rc1/jdo-api-3.1-rc1.jar
7fe84a135000-7fe84a144000 r--s 0007f000 08:06 25167296                   /home/niko/.m2/repository/joda-time/joda-time/2.3/joda-time-2.3.jar
7fe84a144000-7fe84a152000 r--s 00053000 08:06 25167293                   /home/niko/.m2/repository/org/apache/isis/core/isis-core-applib/1.8.0/isis-core-applib-1.8.0.jar
7fe84a152000-7fe84a171000 r--s 00152000 08:06 26084272                   /home/niko/.m2/repository/org/sonatype/sisu/sisu-guava/0.9.9/sisu-guava-0.9.9.jar
7fe84a171000-7fe84a178000 r--s 00000000 08:01 643                        /usr/lib/x86_64-linux-gnu/gconv/gconv-modules.cache
7fe84a178000-7fe84a19d000 r--p 00000000 08:01 6892                       /usr/share/locale/es/LC_MESSAGES/libc.mo
7fe84a19d000-7fe84a19e000 r--s 00003000 08:06 25167320                   /home/niko/.m2/repository/org/datanucleus/datanucleus-jdo-query/3.0.2/datanucleus-jdo-query-3.0.2.jar
7fe84a19e000-7fe84a19f000 r--s 00003000 08:06 25167311                   /home/niko/.m2/repository/javax/transaction/transaction-api/1.1/transaction-api-1.1.jar
7fe84a19f000-7fe84a1a2000 r--s 0000a000 08:06 25167305                   /home/niko/.m2/repository/org/apache/geronimo/specs/geronimo-jcdi_1.0_spec/1.0/geronimo-jcdi_1.0_spec-1.0.jar
7fe84a1a2000-7fe84a1a6000 r--s 0000c000 08:06 25167302                   /home/niko/.m2/repository/javax/validation/validation-api/1.1.0.Final/validation-api-1.1.0.Final.jar
7fe84a1a6000-7fe84a1a7000 r--s 00002000 08:06 25167299                   /home/niko/.m2/repository/org/apache/geronimo/specs/geronimo-atinject_1.0_spec/1.0/geronimo-atinject_1.0_spec-1.0.jar
7fe84a1a7000-7fe84a1af000 r--s 00050000 08:06 26084274                   /home/niko/.m2/repository/org/sonatype/sisu/sisu-guice/3.1.0/sisu-guice-3.1.0-no_aop.jar
7fe84a1af000-7fe84a1b6000 r--s 00040000 08:06 26084273                   /home/niko/.m2/repository/org/sonatype/sisu/sisu-inject-bean/2.3.0/sisu-inject-bean-2.3.0.jar
7fe84a1b6000-7fe84a1ba000 r--s 00035000 08:06 25167818                   /home/niko/.m2/repository/org/codehaus/plexus/plexus-utils/3.0.8/plexus-utils-3.0.8.jar
7fe84a1ba000-7fe84a1bb000 r--s 00005000 08:06 25166637                   /home/niko/.m2/repository/org/datanucleus/datanucleus-maven-plugin/3.3.2/datanucleus-maven-plugin-3.3.2.jar
7fe84a1bb000-7fe84a3bb000 rw-p 00000000 00:00 0 
7fe84a3bb000-7fe84a434000 r--s 010e7000 08:01 442963                     /usr/lib/jvm/java-8-oracle/lib/tools.jar
7fe84a434000-7fe84a437000 r--s 0001b000 08:06 25166481                   /home/niko/.m2/repository/junit/junit/3.8.2/junit-3.8.2.jar
7fe84a437000-7fe84a445000 r--s 0008f000 08:06 25167031                   /home/niko/.m2/repository/com/google/collections/google-collections/1.0/google-collections-1.0.jar
7fe84a445000-7fe84a446000 r--s 0000a000 08:06 25167028                   /home/niko/.m2/repository/commons-logging/commons-logging-api/1.1/commons-logging-api-1.1.jar
7fe84a446000-7fe84a44d000 r--s 00051000 08:06 25167025                   /home/niko/.m2/repository/log4j/log4j/1.2.12/log4j-1.2.12.jar
7fe84a44d000-7fe84a451000 r--s 0001d000 08:06 25167022                   /home/niko/.m2/repository/org/apache/xbean/xbean-reflect/3.4/xbean-reflect-3.4.jar
7fe84a451000-7fe84a452000 r--s 00004000 08:06 25167019                   /home/niko/.m2/repository/org/codehaus/plexus/plexus-compiler-javac/2.2/plexus-compiler-javac-2.2.jar
7fe84a452000-7fe84a454000 r--s 00000000 08:06 25167016                   /home/niko/.m2/repository/org/codehaus/plexus/plexus-compiler-manager/2.2/plexus-compiler-manager-2.2.jar
7fe84a454000-7fe84a456000 r--s 00005000 08:06 25167013                   /home/niko/.m2/repository/org/codehaus/plexus/plexus-compiler-api/2.2/plexus-compiler-api-2.2.jar
7fe84a456000-7fe84a458000 r--s 00000000 08:06 25167010                   /home/niko/.m2/repository/org/codehaus/plexus/plexus-component-annotations/1.5.5/plexus-component-annotations-1.5.5.jar
7fe84a458000-7fe84a45a000 r--s 00002000 08:06 25167007                   /home/niko/.m2/repository/org/apache/maven/shared/maven-shared-incremental/1.1/maven-shared-incremental-1.1.jar
7fe84a45a000-7fe84a45d000 r--s 00023000 08:06 25167001                   /home/niko/.m2/repository/org/apache/maven/shared/maven-shared-utils/0.1/maven-shared-utils-0.1.jar
7fe84a45d000-7fe84a461000 r--s 00030000 08:06 25166998                   /home/niko/.m2/repository/org/codehaus/plexus/plexus-utils/1.5.1/plexus-utils-1.5.1.jar
7fe84a461000-7fe84a463000 r--s 00009000 08:06 25035920                   /home/niko/.m2/repository/org/apache/maven/plugins/maven-compiler-plugin/3.1/maven-compiler-plugin-3.1.jar
7fe84a463000-7fe84a663000 rw-p 00000000 00:00 0 
7fe84a663000-7fe84a665000 r--s 0000d000 08:06 25166321                   /home/niko/.m2/repository/org/codehaus/plexus/plexus-interpolation/1.13/plexus-interpolation-1.13.jar
7fe84a665000-7fe84a666000 r--s 00001000 08:06 25166318                   /home/niko/.m2/repository/org/sonatype/plexus/plexus-build-api/0.0.4/plexus-build-api-0.0.4.jar
7fe84a666000-7fe84a668000 r--s 00009000 08:06 25166315                   /home/niko/.m2/repository/org/apache/maven/shared/maven-filtering/1.1/maven-filtering-1.1.jar
7fe84a668000-7fe84a66c000 r--s 00033000 08:06 25166312                   /home/niko/.m2/repository/org/codehaus/plexus/plexus-utils/2.0.5/plexus-utils-2.0.5.jar
7fe84a66c000-7fe84a66e000 r--s 00002000 08:06 25166309                   /home/niko/.m2/repository/org/codehaus/plexus/plexus-interactivity-api/1.0-alpha-4/plexus-interactivity-api-1.0-alpha-4.jar
7fe84a66e000-7fe84a670000 r--s 00006000 08:06 25166306                   /home/niko/.m2/repository/commons-cli/commons-cli/1.0/commons-cli-1.0.jar
7fe84a670000-7fe84a671000 r--s 00001000 08:06 25166303                   /home/niko/.m2/repository/org/apache/maven/doxia/doxia-sink-api/1.0-alpha-7/doxia-sink-api-1.0-alpha-7.jar
7fe84a671000-7fe84a672000 r--s 00002000 08:06 25166300                   /home/niko/.m2/repository/org/apache/maven/reporting/maven-reporting-api/2.0.6/maven-reporting-api-2.0.6.jar
7fe84a672000-7fe84a674000 r--s 00006000 08:06 25035754                   /home/niko/.m2/repository/org/apache/maven/plugins/maven-resources-plugin/2.6/maven-resources-plugin-2.6.jar
7fe84a674000-7fe84a678000 r--s 00037000 08:06 26084090                   /home/niko/.m2/repository/org/codehaus/plexus/plexus-utils/3.0.15/plexus-utils-3.0.15.jar
7fe84a678000-7fe84a67a000 r--s 00006000 08:06 25167004                   /home/niko/.m2/repository/com/google/code/findbugs/jsr305/2.0.1/jsr305-2.0.1.jar
7fe84a67a000-7fe84a67d000 r--s 00023000 08:06 26084091                   /home/niko/.m2/repository/org/apache/maven/shared/maven-shared-utils/0.4/maven-shared-utils-0.4.jar
7fe84a67d000-7fe84a683000 r--s 00033000 08:06 26084089                   /home/niko/.m2/repository/commons-codec/commons-codec/1.6/commons-codec-1.6.jar
7fe84a683000-7fe84a686000 r--s 0001b000 08:06 25166192                   /home/niko/.m2/repository/junit/junit/3.8.1/junit-3.8.1.jar
7fe84a686000-7fe84a688000 r--s 00007000 08:06 25166649                   /home/niko/.m2/repository/org/apache/maven/plugins/maven-install-plugin/2.5.1/maven-install-plugin-2.5.1.jar
7fe84a688000-7fe84a68c000 r--s 00034000 08:06 25166180                   /home/niko/.m2/repository/org/codehaus/plexus/plexus-utils/3.0/plexus-utils-3.0.jar
7fe84a68c000-7fe84a68e000 r--s 00005000 08:06 25035747                   /home/niko/.m2/repository/org/apache/maven/plugins/maven-clean-plugin/2.5/maven-clean-plugin-2.5.jar
7fe84a68e000-7fe84a69f000 r-xp 00000000 08:01 32122                      /usr/lib/jvm/java-8-oracle/jre/lib/amd64/libnio.so
7fe84a69f000-7fe84a89e000 ---p 00011000 08:01 32122                      /usr/lib/jvm/java-8-oracle/jre/lib/amd64/libnio.so
7fe84a89e000-7fe84a89f000 rw-p 00010000 08:01 32122                      /usr/lib/jvm/java-8-oracle/jre/lib/amd64/libnio.so
7fe84a89f000-7fe84aba0000 rw-p 00000000 00:00 0 
7fe84aba0000-7fe84abb6000 r-xp 00000000 08:01 32148                      /usr/lib/jvm/java-8-oracle/jre/lib/amd64/libnet.so
7fe84abb6000-7fe84adb6000 ---p 00016000 08:01 32148                      /usr/lib/jvm/java-8-oracle/jre/lib/amd64/libnet.so
7fe84adb6000-7fe84adb7000 rw-p 00016000 08:01 32148                      /usr/lib/jvm/java-8-oracle/jre/lib/amd64/libnet.so
7fe84adb7000-7fe84afb7000 rw-p 00000000 00:00 0 
7fe84afb7000-7fe84afbc000 r--s 00094000 08:01 32099                      /usr/lib/jvm/java-8-oracle/jre/lib/jsse.jar
7fe84afbc000-7fe84b1bc000 rw-p 00000000 00:00 0 
7fe84b1bc000-7fe84b3bc000 rw-p 00000000 00:00 0 
7fe84b3bc000-7fe84b3c1000 r--s 00044000 08:01 290474                     /usr/share/java/commons-httpclient-3.1.jar
7fe84b3c1000-7fe84b3cc000 r--s 00116000 08:01 32241                      /usr/lib/jvm/java-8-oracle/jre/lib/ext/localedata.jar
7fe84b3cc000-7fe84b3e8000 r--s 00393000 08:01 32243                      /usr/lib/jvm/java-8-oracle/jre/lib/ext/cldrdata.jar
7fe84b3e8000-7fe84b3ef000 r--s 00040000 08:01 290711                     /usr/share/java/sisu-inject-bean.jar
7fe84b3ef000-7fe84b3f5000 r--s 0003e000 08:01 290877                     /usr/share/java/maven3-compat-3.0.5.jar
7fe84b3f5000-7fe84b3f7000 r--s 00006000 08:01 528790                     /usr/share/maven-repo/org/sonatype/aether/aether-connector-wagon/1.13.1/aether-connector-wagon-1.13.1.jar
7fe84b3f7000-7fe84b3f9000 r--s 00007000 08:01 290303                     /usr/share/java/commons-cli-1.2.jar
7fe84b3f9000-7fe84b3fb000 r--s 00009000 08:01 290876                     /usr/share/java/maven3-plugin-api-3.0.5.jar
7fe84b3fb000-7fe84b3fd000 r--s 00009000 08:01 290883                     /usr/share/java/maven3-settings-3.0.5.jar
7fe84b3fd000-7fe84b3ff000 r--s 0000e000 08:01 290346                     /usr/share/java/plexus-interpolation.jar
7fe84b3ff000-7fe84b40b000 r--s 0007c000 08:01 290880                     /usr/share/java/maven3-core-3.0.5.jar
7fe84b40b000-7fe84b40e000 r--s 00013000 08:01 528819                     /usr/share/maven-repo/org/sonatype/aether/aether-api/1.13.1/aether-api-1.13.1.jar
7fe84b40e000-7fe84b43c000 r--s 001d5000 08:01 290847                     /usr/share/java/wagon-http-shaded-2.x.jar
7fe84b43c000-7fe84b442000 r--s 0002c000 08:01 290702                     /usr/share/java/sisu-inject-plexus.jar
7fe84b442000-7fe84b46d000 r--s 001f8000 08:01 290314                     /usr/share/java/guava.jar
7fe84b46d000-7fe84b46e000 ---p 00000000 00:00 0 
7fe84b46e000-7fe84b56e000 rw-p 00000000 00:00 0                          [stack:3045]
7fe84b56e000-7fe84b571000 ---p 00000000 00:00 0 
7fe84b571000-7fe84b66f000 rw-p 00000000 00:00 0                          [stack:3044]
7fe84b66f000-7fe84b672000 ---p 00000000 00:00 0 
7fe84b672000-7fe84b770000 rw-p 00000000 00:00 0                          [stack:3043]
7fe84b770000-7fe84b773000 ---p 00000000 00:00 0 
7fe84b773000-7fe84b871000 rw-p 00000000 00:00 0                          [stack:3042]
7fe84b871000-7fe84b874000 ---p 00000000 00:00 0 
7fe84b874000-7fe84b972000 rw-p 00000000 00:00 0                          [stack:3041]
7fe84b972000-7fe84bafb000 r--p 00000000 08:01 4208                       /usr/lib/locale/locale-archive
7fe84bafb000-7fe84bafe000 ---p 00000000 00:00 0 
7fe84bafe000-7fe84bbfc000 rw-p 00000000 00:00 0                          [stack:3040]
7fe84bbfc000-7fe84bbff000 ---p 00000000 00:00 0 
7fe84bbff000-7fe84bcfd000 rw-p 00000000 00:00 0                          [stack:3039]
7fe84bcfd000-7fe84bcfe000 ---p 00000000 00:00 0 
7fe84bcfe000-7fe84c000000 rw-p 00000000 00:00 0                          [stack:3038]
7fe84c000000-7fe84c021000 rw-p 00000000 00:00 0 
7fe84c021000-7fe850000000 ---p 00000000 00:00 0 
7fe850000000-7fe850001000 r--s 00003000 08:01 442358                     /usr/share/maven-repo/org/sonatype/aether/aether-spi/1.13.1/aether-spi-1.13.1.jar
7fe850001000-7fe850003000 r--s 00025000 08:01 290886                     /usr/share/java/maven3-model-3.0.5.jar
7fe850003000-7fe850005000 r--s 0000b000 08:01 290884                     /usr/share/java/maven3-aether-provider-3.0.5.jar
7fe850005000-7fe850007000 r--s 00002000 08:01 290468                     /usr/share/java/plexus-cipher.jar
7fe850007000-7fe850009000 r--s 00005000 08:01 290885                     /usr/share/java/maven3-repository-metadata-3.0.5.jar
7fe850009000-7fe85000b000 r--s 0000a000 08:01 290854                     /usr/share/java/wagon-provider-api-2.x.jar
7fe85000b000-7fe85000e000 r--s 0001d000 08:01 528803                     /usr/share/maven-repo/org/sonatype/aether/aether-impl/1.13.1/aether-impl-1.13.1.jar
7fe85000e000-7fe850012000 r--s 00020000 08:01 290878                     /usr/share/java/maven3-model-builder-3.0.5.jar
7fe850012000-7fe850014000 r--s 00000000 08:01 290670                     /usr/share/java/plexus-component-annotations-1.5-1.5.5.jar
7fe850014000-7fe850016000 r--s 00008000 08:01 290882                     /usr/share/java/maven3-embedder-3.0.5.jar
7fe850016000-7fe85001d000 r--s 0003b000 08:01 290329                     /usr/share/java/commons-codec-1.9.jar
7fe85001d000-7fe850021000 r--s 00037000 08:01 290662                     /usr/share/java/plexus-utils2-3.0.15.jar
7fe850021000-7fe850627000 rw-p 00000000 00:00 0 
7fe850627000-7fe850800000 r--s 03d09000 08:01 32101                      /usr/lib/jvm/java-8-oracle/jre/lib/rt.jar
7fe850800000-7fe851000000 rw-p 00000000 00:00 0 
7fe851000000-7fe851c10000 rwxp 00000000 00:00 0 
7fe851c10000-7fe860000000 ---p 00000000 00:00 0 
7fe860000000-7fe861044000 rw-p 00000000 00:00 0 
7fe861044000-7fe864000000 ---p 00000000 00:00 0 
7fe864000000-7fe864001000 r--s 0000d000 08:01 290162                     /usr/share/java/commons-logging-1.2.jar
7fe864001000-7fe86400e000 r--s 0008f000 08:01 290691                     /usr/share/java/sisu-guice.jar
7fe86400e000-7fe865e87000 rw-p 00000000 00:00 0 
7fe865e87000-7fe865e88000 ---p 00000000 00:00 0 
7fe865e88000-7fe865f88000 rw-p 00000000 00:00 0                          [stack:3037]
7fe865f88000-7fe865f89000 ---p 00000000 00:00 0 
7fe865f89000-7fe8660a0000 rw-p 00000000 00:00 0                          [stack:3036]
7fe8660a0000-7fe8661a9000 ---p 00000000 00:00 0 
7fe8661a9000-7fe8661c0000 rw-p 00000000 00:00 0 
7fe8661c0000-7fe8662c8000 ---p 00000000 00:00 0 
7fe8662c8000-7fe86631a000 rw-p 00000000 00:00 0 
7fe86631a000-7fe866358000 ---p 00000000 00:00 0 
7fe866358000-7fe86638a000 rw-p 00000000 00:00 0 
7fe86638a000-7fe866719000 ---p 00000000 00:00 0 
7fe866719000-7fe866733000 r-xp 00000000 08:01 32127                      /usr/lib/jvm/java-8-oracle/jre/lib/amd64/libzip.so
7fe866733000-7fe866933000 ---p 0001a000 08:01 32127                      /usr/lib/jvm/java-8-oracle/jre/lib/amd64/libzip.so
7fe866933000-7fe866934000 rw-p 0001a000 08:01 32127                      /usr/lib/jvm/java-8-oracle/jre/lib/amd64/libzip.so
7fe866934000-7fe86693f000 r-xp 00000000 08:01 260620                     /lib/x86_64-linux-gnu/libnss_files-2.19.so
7fe86693f000-7fe866b3e000 ---p 0000b000 08:01 260620                     /lib/x86_64-linux-gnu/libnss_files-2.19.so
7fe866b3e000-7fe866b3f000 r--p 0000a000 08:01 260620                     /lib/x86_64-linux-gnu/libnss_files-2.19.so
7fe866b3f000-7fe866b40000 rw-p 0000b000 08:01 260620                     /lib/x86_64-linux-gnu/libnss_files-2.19.so
7fe866b40000-7fe866b4a000 r-xp 00000000 08:01 260621                     /lib/x86_64-linux-gnu/libnss_nis-2.19.so
7fe866b4a000-7fe866d49000 ---p 0000a000 08:01 260621                     /lib/x86_64-linux-gnu/libnss_nis-2.19.so
7fe866d49000-7fe866d4a000 r--p 00009000 08:01 260621                     /lib/x86_64-linux-gnu/libnss_nis-2.19.so
7fe866d4a000-7fe866d4b000 rw-p 0000a000 08:01 260621                     /lib/x86_64-linux-gnu/libnss_nis-2.19.so
7fe866d4b000-7fe866d60000 r-xp 00000000 08:01 260637                     /lib/x86_64-linux-gnu/libnsl-2.19.so
7fe866d60000-7fe866f5f000 ---p 00015000 08:01 260637                     /lib/x86_64-linux-gnu/libnsl-2.19.so
7fe866f5f000-7fe866f60000 r--p 00014000 08:01 260637                     /lib/x86_64-linux-gnu/libnsl-2.19.so
7fe866f60000-7fe866f61000 rw-p 00015000 08:01 260637                     /lib/x86_64-linux-gnu/libnsl-2.19.so
7fe866f61000-7fe866f63000 rw-p 00000000 00:00 0 
7fe866f63000-7fe866f6a000 r-xp 00000000 08:01 260629                     /lib/x86_64-linux-gnu/libnss_compat-2.19.so
7fe866f6a000-7fe867169000 ---p 00007000 08:01 260629                     /lib/x86_64-linux-gnu/libnss_compat-2.19.so
7fe867169000-7fe86716a000 r--p 00006000 08:01 260629                     /lib/x86_64-linux-gnu/libnss_compat-2.19.so
7fe86716a000-7fe86716b000 rw-p 00007000 08:01 260629                     /lib/x86_64-linux-gnu/libnss_compat-2.19.so
7fe86716b000-7fe867195000 r-xp 00000000 08:01 32120                      /usr/lib/jvm/java-8-oracle/jre/lib/amd64/libjava.so
7fe867195000-7fe867395000 ---p 0002a000 08:01 32120                      /usr/lib/jvm/java-8-oracle/jre/lib/amd64/libjava.so
7fe867395000-7fe867397000 rw-p 0002a000 08:01 32120                      /usr/lib/jvm/java-8-oracle/jre/lib/amd64/libjava.so
7fe867397000-7fe8673a4000 r-xp 00000000 08:01 32162                      /usr/lib/jvm/java-8-oracle/jre/lib/amd64/libverify.so
7fe8673a4000-7fe8675a4000 ---p 0000d000 08:01 32162                      /usr/lib/jvm/java-8-oracle/jre/lib/amd64/libverify.so
7fe8675a4000-7fe8675a6000 rw-p 0000d000 08:01 32162                      /usr/lib/jvm/java-8-oracle/jre/lib/amd64/libverify.so
7fe8675a6000-7fe8675ad000 r-xp 00000000 08:01 260627                     /lib/x86_64-linux-gnu/librt-2.19.so
7fe8675ad000-7fe8677ac000 ---p 00007000 08:01 260627                     /lib/x86_64-linux-gnu/librt-2.19.so
7fe8677ac000-7fe8677ad000 r--p 00006000 08:01 260627                     /lib/x86_64-linux-gnu/librt-2.19.so
7fe8677ad000-7fe8677ae000 rw-p 00007000 08:01 260627                     /lib/x86_64-linux-gnu/librt-2.19.so
7fe8677ae000-7fe8678ae000 r-xp 00000000 08:01 260632                     /lib/x86_64-linux-gnu/libm-2.19.so
7fe8678ae000-7fe867aad000 ---p 00100000 08:01 260632                     /lib/x86_64-linux-gnu/libm-2.19.so
7fe867aad000-7fe867aae000 r--p 000ff000 08:01 260632                     /lib/x86_64-linux-gnu/libm-2.19.so
7fe867aae000-7fe867aaf000 rw-p 00100000 08:01 260632                     /lib/x86_64-linux-gnu/libm-2.19.so
7fe867aaf000-7fe86875d000 r-xp 00000000 08:01 32168                      /usr/lib/jvm/java-8-oracle/jre/lib/amd64/server/libjvm.so
7fe86875d000-7fe86895c000 ---p 00cae000 08:01 32168                      /usr/lib/jvm/java-8-oracle/jre/lib/amd64/server/libjvm.so
7fe86895c000-7fe868a33000 rw-p 00cad000 08:01 32168                      /usr/lib/jvm/java-8-oracle/jre/lib/amd64/server/libjvm.so
7fe868a33000-7fe868a77000 rw-p 00000000 00:00 0 
7fe868a77000-7fe868c16000 r-xp 00000000 08:01 260633                     /lib/x86_64-linux-gnu/libc-2.19.so
7fe868c16000-7fe868e16000 ---p 0019f000 08:01 260633                     /lib/x86_64-linux-gnu/libc-2.19.so
7fe868e16000-7fe868e1a000 r--p 0019f000 08:01 260633                     /lib/x86_64-linux-gnu/libc-2.19.so
7fe868e1a000-7fe868e1c000 rw-p 001a3000 08:01 260633                     /lib/x86_64-linux-gnu/libc-2.19.so
7fe868e1c000-7fe868e20000 rw-p 00000000 00:00 0 
7fe868e20000-7fe868e23000 r-xp 00000000 08:01 260618                     /lib/x86_64-linux-gnu/libdl-2.19.so
7fe868e23000-7fe869022000 ---p 00003000 08:01 260618                     /lib/x86_64-linux-gnu/libdl-2.19.so
7fe869022000-7fe869023000 r--p 00002000 08:01 260618                     /lib/x86_64-linux-gnu/libdl-2.19.so
7fe869023000-7fe869024000 rw-p 00003000 08:01 260618                     /lib/x86_64-linux-gnu/libdl-2.19.so
7fe869024000-7fe869039000 r-xp 00000000 08:01 442520                     /usr/lib/jvm/java-8-oracle/lib/amd64/jli/libjli.so
7fe869039000-7fe869239000 ---p 00015000 08:01 442520                     /usr/lib/jvm/java-8-oracle/lib/amd64/jli/libjli.so
7fe869239000-7fe86923a000 rw-p 00015000 08:01 442520                     /usr/lib/jvm/java-8-oracle/lib/amd64/jli/libjli.so
7fe86923a000-7fe869252000 r-xp 00000000 08:01 260626                     /lib/x86_64-linux-gnu/libpthread-2.19.so
7fe869252000-7fe869451000 ---p 00018000 08:01 260626                     /lib/x86_64-linux-gnu/libpthread-2.19.so
7fe869451000-7fe869452000 r--p 00017000 08:01 260626                     /lib/x86_64-linux-gnu/libpthread-2.19.so
7fe869452000-7fe869453000 rw-p 00018000 08:01 260626                     /lib/x86_64-linux-gnu/libpthread-2.19.so
7fe869453000-7fe869457000 rw-p 00000000 00:00 0 
7fe869457000-7fe869477000 r-xp 00000000 08:01 260616                     /lib/x86_64-linux-gnu/ld-2.19.so
7fe869477000-7fe869478000 r--s 00001000 08:01 290845                     /usr/share/java/wagon-file-2.x.jar
7fe869478000-7fe86947a000 r--s 0000a000 08:01 290881                     /usr/share/java/maven3-artifact-3.0.5.jar
7fe86947a000-7fe86955d000 rw-p 00000000 00:00 0 
7fe86955d000-7fe869560000 ---p 00000000 00:00 0 
7fe869560000-7fe869662000 rw-p 00000000 00:00 0                          [stack:3035]
7fe869662000-7fe869663000 r--s 00006000 08:01 290471                     /usr/share/java/plexus-sec-dispatcher.jar
7fe869663000-7fe869665000 r--s 00007000 08:01 290879                     /usr/share/java/maven3-settings-builder-3.0.5.jar
7fe869665000-7fe869669000 r--s 0001c000 08:01 528796                     /usr/share/maven-repo/org/sonatype/aether/aether-util/1.13.1/aether-util-1.13.1.jar
7fe869669000-7fe86966b000 r--s 0000a000 08:01 290280                     /usr/share/java/plexus-classworlds2-2.5.2.jar
7fe86966b000-7fe869673000 rw-s 00000000 08:01 288781                     /tmp/hsperfdata_niko/3017
7fe869673000-7fe869674000 rw-p 00000000 00:00 0 
7fe869674000-7fe869675000 r--p 00000000 00:00 0 
7fe869675000-7fe869677000 rw-p 00000000 00:00 0 
7fe869677000-7fe869678000 r--p 00020000 08:01 260616                     /lib/x86_64-linux-gnu/ld-2.19.so
7fe869678000-7fe869679000 rw-p 00021000 08:01 260616                     /lib/x86_64-linux-gnu/ld-2.19.so
7fe869679000-7fe86967a000 rw-p 00000000 00:00 0 
7fff98ced000-7fff98d0e000 rw-p 00000000 00:00 0                          [stack]
7fff98d88000-7fff98d8a000 r-xp 00000000 00:00 0                          [vdso]
7fff98d8a000-7fff98d8c000 r--p 00000000 00:00 0                          [vvar]
ffffffffff600000-ffffffffff601000 r-xp 00000000 00:00 0                  [vsyscall]

VM Arguments:
jvm_args: -Dclassworlds.conf=/usr/share/maven/bin/m2.conf -Dmaven.home=/usr/share/maven 
java_command: org.codehaus.plexus.classworlds.launcher.Launcher clean install
java_class_path (initial): /usr/share/maven/boot/plexus-classworlds-2.x.jar
Launcher Type: SUN_STANDARD

Environment Variables:
JAVA_HOME=/usr/lib/jvm/java-8-oracle
PATH=/usr/local/bin:/usr/bin:/bin:/usr/local/games:/usr/games:/home/niko/apache-maven-3.3.3/bin
SHELL=/bin/bash
DISPLAY=:0.0

Signal Handlers:
SIGSEGV: [libjvm.so+0xaad1e0], sa_mask[0]=11111111011111111101111111111110, sa_flags=SA_RESTART|SA_SIGINFO
SIGBUS: [libjvm.so+0xaad1e0], sa_mask[0]=11111111011111111101111111111110, sa_flags=SA_RESTART|SA_SIGINFO
SIGFPE: [libjvm.so+0x90b450], sa_mask[0]=11111111011111111101111111111110, sa_flags=SA_RESTART|SA_SIGINFO
SIGPIPE: [libjvm.so+0x90b450], sa_mask[0]=11111111011111111101111111111110, sa_flags=SA_RESTART|SA_SIGINFO
SIGXFSZ: [libjvm.so+0x90b450], sa_mask[0]=11111111011111111101111111111110, sa_flags=SA_RESTART|SA_SIGINFO
SIGILL: [libjvm.so+0x90b450], sa_mask[0]=11111111011111111101111111111110, sa_flags=SA_RESTART|SA_SIGINFO
SIGUSR1: SIG_DFL, sa_mask[0]=00000000000000000000000000000000, sa_flags=none
SIGUSR2: [libjvm.so+0x90ca90], sa_mask[0]=00000000000000000000000000000000, sa_flags=SA_RESTART|SA_SIGINFO
SIGHUP: [libjvm.so+0x90dde0], sa_mask[0]=11111111011111111101111111111110, sa_flags=SA_RESTART|SA_SIGINFO
SIGINT: [libjvm.so+0x90dde0], sa_mask[0]=11111111011111111101111111111110, sa_flags=SA_RESTART|SA_SIGINFO
SIGTERM: [libjvm.so+0x90dde0], sa_mask[0]=11111111011111111101111111111110, sa_flags=SA_RESTART|SA_SIGINFO
SIGQUIT: [libjvm.so+0x90dde0], sa_mask[0]=11111111011111111101111111111110, sa_flags=SA_RESTART|SA_SIGINFO


---------------  S Y S T E M  ---------------

OS:PRETTY_NAME="Debian GNU/Linux 8 (jessie)"
NAME="Debian GNU/Linux"
VERSION_ID="8"
VERSION="8 (jessie)"
ID=debian
HOME_URL="http://www.debian.org/"
SUPPORT_URL="http://www.debian.org/support/"
BUG_REPORT_URL="https://bugs.debian.org/"

uname:Linux 3.16.0-4-amd64 #1 SMP Debian 3.16.7-ckt9-2 (2015-04-13) x86_64
libc:glibc 2.19 NPTL 2.19 
rlimit: STACK 8192k, CORE 0k, NPROC 13691, NOFILE 65536, AS infinity
load average:1,60 1,22 0,94

/proc/meminfo:
MemTotal:        3522564 kB
MemFree:          872000 kB
MemAvailable:    1666308 kB
Buffers:           53544 kB
Cached:           949260 kB
SwapCached:            0 kB
Active:          2076724 kB
Inactive:         407248 kB
Active(anon):    1494504 kB
Inactive(anon):    51356 kB
Active(file):     582220 kB
Inactive(file):   355892 kB
Unevictable:          32 kB
Mlocked:              32 kB
SwapTotal:       7295996 kB
SwapFree:        7295996 kB
Dirty:               696 kB
Writeback:             0 kB
AnonPages:       1481172 kB
Mapped:           294320 kB
Shmem:             64668 kB
Slab:              81072 kB
SReclaimable:      50244 kB
SUnreclaim:        30828 kB
KernelStack:        6768 kB
PageTables:        29808 kB
NFS_Unstable:          0 kB
Bounce:                0 kB
WritebackTmp:          0 kB
CommitLimit:     9057276 kB
Committed_AS:    4433768 kB
VmallocTotal:   34359738367 kB
VmallocUsed:      289360 kB
VmallocChunk:   34359431712 kB
HardwareCorrupted:     0 kB
AnonHugePages:         0 kB
HugePages_Total:       0
HugePages_Free:        0
HugePages_Rsvd:        0
HugePages_Surp:        0
Hugepagesize:       2048 kB
DirectMap4k:       63628 kB
DirectMap2M:     2537472 kB
DirectMap1G:     1048576 kB


CPU:total 2 (2 cores per cpu, 1 threads per core) family 20 model 2 stepping 0, cmov, cx8, fxsr, mmx, sse, sse2, sse3, ssse3, popcnt, mmxext, lzcnt, sse4a, tsc, tscinvbit, tscinv

/proc/cpuinfo:
processor	: 0
vendor_id	: AuthenticAMD
cpu family	: 20
model		: 2
model name	: AMD E-450 APU with Radeon(tm) HD Graphics
stepping	: 0
microcode	: 0x5000101
cpu MHz		: 1650.000
cache size	: 512 KB
physical id	: 0
siblings	: 2
core id		: 0
cpu cores	: 2
apicid		: 0
initial apicid	: 0
fpu		: yes
fpu_exception	: yes
cpuid level	: 6
wp		: yes
flags		: fpu vme de pse tsc msr pae mce cx8 apic sep mtrr pge mca cmov pat pse36 clflush mmx fxsr sse sse2 ht syscall nx mmxext fxsr_opt pdpe1gb rdtscp lm constant_tsc rep_good nopl nonstop_tsc extd_apicid aperfmperf pni monitor ssse3 cx16 popcnt lahf_lm cmp_legacy svm extapic cr8_legacy abm sse4a misalignsse 3dnowprefetch ibs skinit wdt arat hw_pstate npt lbrv svm_lock nrip_save pausefilter vmmcall
bogomips	: 3292.91
TLB size	: 1024 4K pages
clflush size	: 64
cache_alignment	: 64
address sizes	: 36 bits physical, 48 bits virtual
power management: ts ttp tm stc 100mhzsteps hwpstate

processor	: 1
vendor_id	: AuthenticAMD
cpu family	: 20
model		: 2
model name	: AMD E-450 APU with Radeon(tm) HD Graphics
stepping	: 0
microcode	: 0x5000101
cpu MHz		: 1650.000
cache size	: 512 KB
physical id	: 0
siblings	: 2
core id		: 1
cpu cores	: 2
apicid		: 1
initial apicid	: 1
fpu		: yes
fpu_exception	: yes
cpuid level	: 6
wp		: yes
flags		: fpu vme de pse tsc msr pae mce cx8 apic sep mtrr pge mca cmov pat pse36 clflush mmx fxsr sse sse2 ht syscall nx mmxext fxsr_opt pdpe1gb rdtscp lm constant_tsc rep_good nopl nonstop_tsc extd_apicid aperfmperf pni monitor ssse3 cx16 popcnt lahf_lm cmp_legacy svm extapic cr8_legacy abm sse4a misalignsse 3dnowprefetch ibs skinit wdt arat hw_pstate npt lbrv svm_lock nrip_save pausefilter vmmcall
bogomips	: 3292.91
TLB size	: 1024 4K pages
clflush size	: 64
cache_alignment	: 64
address sizes	: 36 bits physical, 48 bits virtual
power management: ts ttp tm stc 100mhzsteps hwpstate



Memory: 4k page, physical 3522564k(872000k free), swap 7295996k(7295996k free)

vm_info: Java HotSpot(TM) 64-Bit Server VM (25.45-b02) for linux-amd64 JRE (1.8.0_45-b14), built on Apr 10 2015 10:07:45 by "java_re" with gcc 4.3.0 20080428 (Red Hat 4.3.0-8)

time: Thu Jun 18 16:13:57 2015
elapsed time: 20 seconds (0d 0h 0m 20s)

